<?xml version="1.0" encoding="UTF-8"?>
<!-- Generated by org.testng.reporters.JUnitXMLReporter -->
<testsuite hostname="idea-PC3" ignored="0" name="Default test" tests="3" failures="0" timestamp="29 Jan 2021 10:04:47 GMT" time="40.873" errors="0">
  <testcase name="loginPageTitleTest" time="0.025" classname="com.crm.qa.testcases.LoginPageTest"/>
  <testcase name="crmLogoImageTest" time="0.103" classname="com.crm.qa.testcases.LoginPageTest"/>
  <testcase name="loginTest" time="10.231" classname="com.crm.qa.testcases.LoginPageTest"/>
</testsuite> <!-- Default test -->
